<?xml version="1.0" encoding="UTF-8"?>
<!-- Generated by org.testng.reporters.JUnitXMLReporter -->
<testsuite hostname="DESKTOP-SRK0F91" ignored="0" name="UI Test" tests="4" failures="0" timestamp="2022-01-17T16:40:32 CET" time="4.703" errors="0">
  <testcase name="dbTest" time="1.621" classname="tests.db.DbTests"/>
  <testcase name="test_NumberOfCircuits_ShouldBe_DataDriven" time="2.31" classname="tests.api.ApiRequestTests"/>
  <testcase name="test_NumberOfCircuits_ShouldBe_DataDriven" time="0.156" classname="tests.api.ApiRequestTests"/>
  <testcase name="test_NumberOfCircuits_ShouldBe_DataDriven" time="0.565" classname="tests.api.ApiRequestTests"/>
</testsuite> <!-- UI Test -->
