<?xml version="1.0" encoding="UTF-8"?>
<testng-results skipped="0" failed="0" ignored="0" total="4" passed="4">
  <reporter-output>
  </reporter-output>
  <suite name="TestArchitecture" duration-ms="4703" started-at="2022-01-17T16:40:28 CET" finished-at="2022-01-17T16:40:32 CET">
    <groups>
    </groups>
    <test name="UI Test" duration-ms="4703" started-at="2022-01-17T16:40:28 CET" finished-at="2022-01-17T16:40:32 CET">
      <class name="tests.api.ApiRequestTests">
        <test-method status="PASS" signature="test_NumberOfCircuits_ShouldBe_DataDriven(java.lang.String,int)[pri:0, instance:tests.api.ApiRequestTests@4e7dc304]" name="test_NumberOfCircuits_ShouldBe_DataDriven" duration-ms="2310" started-at="2022-01-17T16:40:29 CET" data-provider="seasonsAndNumberOfRaces" finished-at="2022-01-17T16:40:32 CET">
          <params>
            <param index="0">
              <value>
                <![CDATA[2017]]>
              </value>
            </param>
            <param index="1">
              <value>
                <![CDATA[20]]>
              </value>
            </param>
          </params>
          <reporter-output>
          </reporter-output>
        </test-method> <!-- test_NumberOfCircuits_ShouldBe_DataDriven -->
        <test-method status="PASS" signature="test_NumberOfCircuits_ShouldBe_DataDriven(java.lang.String,int)[pri:0, instance:tests.api.ApiRequestTests@4e7dc304]" name="test_NumberOfCircuits_ShouldBe_DataDriven" duration-ms="156" started-at="2022-01-17T16:40:32 CET" data-provider="seasonsAndNumberOfRaces" finished-at="2022-01-17T16:40:32 CET">
          <params>
            <param index="0">
              <value>
                <![CDATA[2016]]>
              </value>
            </param>
            <param index="1">
              <value>
                <![CDATA[21]]>
              </value>
            </param>
          </params>
          <reporter-output>
          </reporter-output>
        </test-method> <!-- test_NumberOfCircuits_ShouldBe_DataDriven -->
        <test-method status="PASS" signature="test_NumberOfCircuits_ShouldBe_DataDriven(java.lang.String,int)[pri:0, instance:tests.api.ApiRequestTests@4e7dc304]" name="test_NumberOfCircuits_ShouldBe_DataDriven" duration-ms="565" started-at="2022-01-17T16:40:32 CET" data-provider="seasonsAndNumberOfRaces" finished-at="2022-01-17T16:40:32 CET">
          <params>
            <param index="0">
              <value>
                <![CDATA[1966]]>
              </value>
            </param>
            <param index="1">
              <value>
                <![CDATA[9]]>
              </value>
            </param>
          </params>
          <reporter-output>
          </reporter-output>
        </test-method> <!-- test_NumberOfCircuits_ShouldBe_DataDriven -->
      </class> <!-- tests.api.ApiRequestTests -->
      <class name="tests.db.DbTests">
        <test-method status="PASS" signature="dbTest()[pri:0, instance:tests.db.DbTests@1c3a4799]" name="dbTest" duration-ms="1621" started-at="2022-01-17T16:40:28 CET" finished-at="2022-01-17T16:40:29 CET">
          <reporter-output>
          </reporter-output>
        </test-method> <!-- dbTest -->
      </class> <!-- tests.db.DbTests -->
    </test> <!-- UI Test -->
  </suite> <!-- TestArchitecture -->
</testng-results>
